<?xml version="1.0" encoding="UTF-8"?>
<!-- Generated by org.testng.reporters.JUnitXMLReporter -->
<testsuite ignored="3" hostname="DESKTOP-U7MH5U2" failures="0" tests="0" time="0.04" errors="0" timestamp="2022-02-27T12:36:33 PST">
  <testcase classname="TestNG.Exclude" name="ABC" time="0.0">
    <ignored/>
  </testcase> <!-- ABC -->
  <testcase classname="TestNG.Exclude" name="CBA" time="0.0">
    <ignored/>
  </testcase> <!-- CBA -->
  <testcase classname="TestNG.Exclude" name="BCA" time="0.0">
    <ignored/>
  </testcase> <!-- BCA -->
</testsuite>
